zxing-android-embedded/build/outputs/logs/manifest-merger-release-report.txt
-- Merging decision tree log ---
manifest
ADDED from zxing-android-embedded\AndroidManifest.xml:17:1-43:12
INJECTED from zxing-android-embedded\AndroidManifest.xml:17:1-43:12
INJECTED from zxing-android-embedded\AndroidManifest.xml:17:1-43:12
	package
		ADDED from zxing-android-embedded\AndroidManifest.xml:17:70-111
		INJECTED from zxing-android-embedded\AndroidManifest.xml
		INJECTED from zxing-android-embedded\AndroidManifest.xml
	xmlns:android
		ADDED from zxing-android-embedded\AndroidManifest.xml:17:11-69
uses-permission#android.permission.CAMERA
ADDED from zxing-android-embedded\AndroidManifest.xml:19:3-62
	android:name
		ADDED from zxing-android-embedded\AndroidManifest.xml:19:20-60
uses-feature#android.hardware.camera
ADDED from zxing-android-embedded\AndroidManifest.xml:24:3-82
	android:required
		ADDED from zxing-android-embedded\AndroidManifest.xml:24:56-80
	android:name
		ADDED from zxing-android-embedded\AndroidManifest.xml:24:17-55
uses-feature#android.hardware.camera.front
ADDED from zxing-android-embedded\AndroidManifest.xml:25:3-88
	android:required
		ADDED from zxing-android-embedded\AndroidManifest.xml:25:62-86
	android:name
		ADDED from zxing-android-embedded\AndroidManifest.xml:25:17-61
uses-feature#android.hardware.camera.autofocus
ADDED from zxing-android-embedded\AndroidManifest.xml:28:3-92
	android:required
		ADDED from zxing-android-embedded\AndroidManifest.xml:28:66-90
	android:name
		ADDED from zxing-android-embedded\AndroidManifest.xml:28:17-65
uses-feature#android.hardware.camera.flash
ADDED from zxing-android-embedded\AndroidManifest.xml:29:3-88
	android:required
		ADDED from zxing-android-embedded\AndroidManifest.xml:29:62-86
	android:name
		ADDED from zxing-android-embedded\AndroidManifest.xml:29:17-61
uses-feature#android.hardware.screen.landscape
ADDED from zxing-android-embedded\AndroidManifest.xml:30:3-93
	android:required
		ADDED from zxing-android-embedded\AndroidManifest.xml:30:66-90
	android:name
		ADDED from zxing-android-embedded\AndroidManifest.xml:30:17-65
uses-feature#android.hardware.wifi
ADDED from zxing-android-embedded\AndroidManifest.xml:31:3-80
	android:required
		ADDED from zxing-android-embedded\AndroidManifest.xml:31:54-78
	android:name
		ADDED from zxing-android-embedded\AndroidManifest.xml:31:17-53
application
ADDED from zxing-android-embedded\AndroidManifest.xml:34:3-41:17
activity#com.journeyapps.barcodescanners.CaptureActivity
ADDED from zxing-android-embedded\AndroidManifest.xml:35:7-40:66
	android:screenOrientation
		ADDED from zxing-android-embedded\AndroidManifest.xml:37:17-59
	android:clearTaskOnLaunch
		ADDED from zxing-android-embedded\AndroidManifest.xml:36:17-49
	android:stateNotNeeded
		ADDED from zxing-android-embedded\AndroidManifest.xml:38:17-46
	android:windowSoftInputMode
		ADDED from zxing-android-embedded\AndroidManifest.xml:40:17-64
	android:theme
		ADDED from zxing-android-embedded\AndroidManifest.xml:39:17-58
	android:name
		ADDED from zxing-android-embedded\AndroidManifest.xml:35:17-79
uses-sdk
INJECTED from zxing-android-embedded\AndroidManifest.xml reason: use-sdk injection requested
INJECTED from zxing-android-embedded\AndroidManifest.xml
INJECTED from zxing-android-embedded\AndroidManifest.xml
	android:minSdkVersion
		INJECTED from zxing-android-embedded\AndroidManifest.xml
		ADDED from zxing-android-embedded\AndroidManifest.xml
		INJECTED from zxing-android-embedded\AndroidManifest.xml